[debug] [2022-05-19T21:57:10.399Z] ----------------------------------------------------------------------
[debug] [2022-05-19T21:57:10.402Z] Command:       /usr/local/bin/firebase /home/arquia/.cache/firebase/tools/lib/node_modules/firebase-tools/lib/bin/firebase init
[debug] [2022-05-19T21:57:10.403Z] CLI Version:   7.11.0
[debug] [2022-05-19T21:57:10.403Z] Platform:      linux
[debug] [2022-05-19T21:57:10.403Z] Node Version:  v10.17.0
[debug] [2022-05-19T21:57:10.403Z] Time:          Thu May 19 2022 18:57:10 GMT-0300 (Brasilia Standard Time)
[debug] [2022-05-19T21:57:10.403Z] ----------------------------------------------------------------------
[debug] [2022-05-19T21:57:10.403Z] 
[debug] [2022-05-19T21:57:10.412Z] > command requires scopes: ["email","openid","https://www.googleapis.com/auth/cloudplatformprojects.readonly","https://www.googleapis.com/auth/firebase","https://www.googleapis.com/auth/cloud-platform"]
[debug] [2022-05-19T21:57:10.413Z] > authorizing via signed-in user
[info] 
     ######## #### ########  ######## ########     ###     ######  ########
     ##        ##  ##     ## ##       ##     ##  ##   ##  ##       ##
     ######    ##  ########  ######   ########  #########  ######  ######
     ##        ##  ##    ##  ##       ##     ## ##     ##       ## ##
     ##       #### ##     ## ######## ########  ##     ##  ######  ########

You're about to initialize a Firebase project in this directory:

  /home/arquia/Documents/techInside/techinside

Before we get started, keep in mind:

  * You are initializing in an existing Firebase project directory

[info] 
=== Project Setup
[info] 
[info] First, let's associate this project directory with a Firebase project.
[info] You can create multiple project aliases by running firebase use --add, 
[info] but for now we'll just set up a default project.
[info] 
[info] i  .firebaserc already has a default project, using tech inside.
[debug] [2022-05-19T21:57:16.555Z] >>> HTTP REQUEST GET https://firebase.googleapis.com/v1beta1/projects/tech inside  
 
[debug] [2022-05-19T21:57:17.688Z] <<< HTTP RESPONSE 400
[debug] [2022-05-19T21:57:17.688Z] <<< HTTP RESPONSE BODY
[debug] [2022-05-19T21:57:17.692Z] HTTP Error: 400, Request contains an invalid argument.
[debug] [2022-05-19T21:57:17.979Z] FirebaseError: HTTP Error: 400, Request contains an invalid argument.
    at module.exports (/home/arquia/.cache/firebase/tools/lib/node_modules/firebase-tools/lib/responseToError.js:38:12)
    at Request._callback (/home/arquia/.cache/firebase/tools/lib/node_modules/firebase-tools/lib/api.js:39:35)
    at Request.self.callback (/home/arquia/.cache/firebase/tools/lib/node_modules/request/request.js:185:22)
    at Request.emit (events.js:198:13)
    at Request.EventEmitter.emit (domain.js:448:20)
    at Request.<anonymous> (/home/arquia/.cache/firebase/tools/lib/node_modules/request/request.js:1161:10)
    at Request.emit (events.js:198:13)
    at Request.EventEmitter.emit (domain.js:448:20)
    at IncomingMessage.<anonymous> (/home/arquia/.cache/firebase/tools/lib/node_modules/request/request.js:1083:12)
    at Object.onceWrapper (events.js:286:20)
    at IncomingMessage.emit (events.js:203:15)
    at IncomingMessage.EventEmitter.emit (domain.js:448:20)
    at endReadableNT (_stream_readable.js:1143:12)
    at process._tickCallback (internal/process/next_tick.js:63:19)
[error] 
[error] Error: Failed to get Firebase project tech inside. Please make sure the project exists and your account has permission to access it.
[debug] [2022-05-19T22:03:00.291Z] ----------------------------------------------------------------------
[debug] [2022-05-19T22:03:00.295Z] Command:       /usr/local/bin/firebase /home/arquia/.cache/firebase/tools/lib/node_modules/firebase-tools/lib/bin/firebase init
[debug] [2022-05-19T22:03:00.295Z] CLI Version:   7.11.0
[debug] [2022-05-19T22:03:00.295Z] Platform:      linux
[debug] [2022-05-19T22:03:00.295Z] Node Version:  v10.17.0
[debug] [2022-05-19T22:03:00.295Z] Time:          Thu May 19 2022 19:03:00 GMT-0300 (Brasilia Standard Time)
[debug] [2022-05-19T22:03:00.295Z] ----------------------------------------------------------------------
[debug] [2022-05-19T22:03:00.295Z] 
[debug] [2022-05-19T22:03:00.304Z] > command requires scopes: ["email","openid","https://www.googleapis.com/auth/cloudplatformprojects.readonly","https://www.googleapis.com/auth/firebase","https://www.googleapis.com/auth/cloud-platform"]
[debug] [2022-05-19T22:03:00.304Z] > authorizing via signed-in user
[info] 
     ######## #### ########  ######## ########     ###     ######  ########
     ##        ##  ##     ## ##       ##     ##  ##   ##  ##       ##
     ######    ##  ########  ######   ########  #########  ######  ######
     ##        ##  ##    ##  ##       ##     ## ##     ##       ## ##
     ##       #### ##     ## ######## ########  ##     ##  ######  ########

You're about to initialize a Firebase project in this directory:

  /home/arquia/Documents/techInside/techinside

Before we get started, keep in mind:

  * You are initializing in an existing Firebase project directory

[info] 
=== Project Setup
[info] 
[info] First, let's associate this project directory with a Firebase project.
[info] You can create multiple project aliases by running firebase use --add, 
[info] but for now we'll just set up a default project.
[info] 
[info] i  .firebaserc already has a default project, using tech inside.
[debug] [2022-05-19T22:03:08.978Z] >>> HTTP REQUEST GET https://firebase.googleapis.com/v1beta1/projects/tech inside  
 
[debug] [2022-05-19T22:03:10.096Z] <<< HTTP RESPONSE 400
[debug] [2022-05-19T22:03:10.097Z] <<< HTTP RESPONSE BODY
[debug] [2022-05-19T22:03:10.102Z] HTTP Error: 400, Request contains an invalid argument.
[debug] [2022-05-19T22:03:10.395Z] FirebaseError: HTTP Error: 400, Request contains an invalid argument.
    at module.exports (/home/arquia/.cache/firebase/tools/lib/node_modules/firebase-tools/lib/responseToError.js:38:12)
    at Request._callback (/home/arquia/.cache/firebase/tools/lib/node_modules/firebase-tools/lib/api.js:39:35)
    at Request.self.callback (/home/arquia/.cache/firebase/tools/lib/node_modules/request/request.js:185:22)
    at Request.emit (events.js:198:13)
    at Request.EventEmitter.emit (domain.js:448:20)
    at Request.<anonymous> (/home/arquia/.cache/firebase/tools/lib/node_modules/request/request.js:1161:10)
    at Request.emit (events.js:198:13)
    at Request.EventEmitter.emit (domain.js:448:20)
    at IncomingMessage.<anonymous> (/home/arquia/.cache/firebase/tools/lib/node_modules/request/request.js:1083:12)
    at Object.onceWrapper (events.js:286:20)
    at IncomingMessage.emit (events.js:203:15)
    at IncomingMessage.EventEmitter.emit (domain.js:448:20)
    at endReadableNT (_stream_readable.js:1143:12)
    at process._tickCallback (internal/process/next_tick.js:63:19)
[error] 
[error] Error: Failed to get Firebase project tech inside. Please make sure the project exists and your account has permission to access it.
[debug] [2022-05-24T20:56:42.079Z] ----------------------------------------------------------------------
[debug] [2022-05-24T20:56:42.084Z] Command:       /usr/local/bin/firebase /home/arquia/.cache/firebase/tools/lib/node_modules/firebase-tools/lib/bin/firebase init
[debug] [2022-05-24T20:56:42.085Z] CLI Version:   7.11.0
[debug] [2022-05-24T20:56:42.085Z] Platform:      linux
[debug] [2022-05-24T20:56:42.085Z] Node Version:  v10.17.0
[debug] [2022-05-24T20:56:42.130Z] Time:          Tue May 24 2022 17:56:42 GMT-0300 (Brasilia Standard Time)
[debug] [2022-05-24T20:56:42.131Z] ----------------------------------------------------------------------
[debug] [2022-05-24T20:56:42.131Z] 
[debug] [2022-05-24T20:56:42.249Z] > command requires scopes: ["email","openid","https://www.googleapis.com/auth/cloudplatformprojects.readonly","https://www.googleapis.com/auth/firebase","https://www.googleapis.com/auth/cloud-platform"]
[debug] [2022-05-24T20:56:42.250Z] > authorizing via signed-in user
[info] 
     ######## #### ########  ######## ########     ###     ######  ########
     ##        ##  ##     ## ##       ##     ##  ##   ##  ##       ##
     ######    ##  ########  ######   ########  #########  ######  ######
     ##        ##  ##    ##  ##       ##     ## ##     ##       ## ##
     ##       #### ##     ## ######## ########  ##     ##  ######  ########

You're about to initialize a Firebase project in this directory:

  /home/arquia/Documents/techInside/techinside

Before we get started, keep in mind:

  * You are initializing in an existing Firebase project directory

